<?xml version="1.0" encoding="UTF-8"?>
<!-- Generated by org.testng.reporters.JUnitXMLReporter -->
<testsuite ignored="0" hostname="DESKTOP-UN74MVN" failures="0" tests="9" name="Test" time="53.503" errors="0" timestamp="2025-12-01T10:21:54 IST">
  <testcase classname="testcases.substore_testcase" name="verifySubstoreCounterSubModule" time="10.732"/>
  <testcase classname="testcases.substore_testcase" name="verifySubstoreSubModules" time="0.887"/>
  <testcase classname="testcases.substore_testcase" name="verifySubstoreModule" time="1.555"/>
  <testcase classname="testcases.substore_testcase" name="verifySubstoreSubModule" time="2.143"/>
  <testcase classname="testcases.substore_testcase" name="verifyAllSubstoreModulesAreDisplayedInSublist" time="0.704"/>
  <testcase classname="testcases.substore_testcase" name="verifyNavigationBetweenSubmodules" time="1.525"/>
  <testcase classname="testcases.substore_testcase" name="takingScreenshotOfCurrentPage" time="0.288"/>
  <testcase classname="testcases.substore_testcase" name="verifyInventoryRequisitionSection" time="8.391"/>
  <testcase classname="testcases.substore_testcase" name="verifyCreateRequisitionButton" time="5.611"/>
</testsuite> <!-- Test -->
